[
  {
    "TimeGenerated": "2026-03-18T10:15:30.000Z",
    "SourceSystem": "SecurityEvent",
    "Computer": "DC01.purplestratus.local",
    "EventID": 4625,
    "Channel": "Security",
    "Provider": "Microsoft-Windows-Security-Auditing",
    "EventData": "An account failed to log on. Subject: SYSTEM. Logon Type: 3. Target: admin@purplestratus.onmicrosoft.com. Status: 0xC000006D. Source IP: 185.220.101.42",
    "MitreTactic": "Credential Access",
    "MitreTechnique": "T1110.001",
    "AttackScenario": "Brute Force - Password Guessing",
    "Severity": "Medium",
    "ProcessName": "",
    "ProcessId": 0,
    "ParentProcessName": "",
    "CommandLine": "",
    "User": "admin@purplestratus.onmicrosoft.com",
    "SourceIP": "185.220.101.42",
    "DestinationIP": "10.0.1.4",
    "DestinationPort": 445,
    "LogonType": 3,
    "RawEvent": "{\"EventID\":4625,\"LogonType\":3,\"TargetUserName\":\"admin\",\"IpAddress\":\"185.220.101.42\",\"Status\":\"0xC000006D\"}"
  },
  {
    "TimeGenerated": "2026-03-18T10:16:05.000Z",
    "SourceSystem": "DeviceProcessEvents",
    "Computer": "WORKSTATION-07.purplestratus.local",
    "EventID": 1,
    "Channel": "Microsoft-Windows-Sysmon/Operational",
    "Provider": "Microsoft-Windows-Sysmon",
    "EventData": "Process Create. mimikatz.exe executed with sekurlsa::logonpasswords",
    "MitreTactic": "Credential Access",
    "MitreTechnique": "T1003.001",
    "AttackScenario": "OS Credential Dumping - LSASS Memory",
    "Severity": "Critical",
    "ProcessName": "mimikatz.exe",
    "ProcessId": 8472,
    "ParentProcessName": "cmd.exe",
    "CommandLine": "mimikatz.exe \"privilege::debug\" \"sekurlsa::logonpasswords\" exit",
    "User": "PURPLESTRATUS\\trevor.cutshall",
    "SourceIP": "10.0.1.50",
    "DestinationIP": "",
    "DestinationPort": 0,
    "LogonType": 0,
    "RawEvent": "{\"EventID\":1,\"Image\":\"C:\\\\Tools\\\\mimikatz.exe\",\"CommandLine\":\"mimikatz.exe privilege::debug sekurlsa::logonpasswords exit\",\"ParentImage\":\"C:\\\\Windows\\\\System32\\\\cmd.exe\"}"
  },
  {
    "TimeGenerated": "2026-03-18T10:17:22.000Z",
    "SourceSystem": "SecurityEvent",
    "Computer": "DC01.purplestratus.local",
    "EventID": 4624,
    "Channel": "Security",
    "Provider": "Microsoft-Windows-Security-Auditing",
    "EventData": "An account was successfully logged on. Logon Type: 3. Account: svc-backup. Source IP: 10.0.1.50. Logon Process: NtLmSsp",
    "MitreTactic": "Lateral Movement",
    "MitreTechnique": "T1550.002",
    "AttackScenario": "Pass the Hash - Lateral Movement to DC",
    "Severity": "High",
    "ProcessName": "lsass.exe",
    "ProcessId": 672,
    "ParentProcessName": "",
    "CommandLine": "",
    "User": "PURPLESTRATUS\\svc-backup",
    "SourceIP": "10.0.1.50",
    "DestinationIP": "10.0.1.4",
    "DestinationPort": 445,
    "LogonType": 3,
    "RawEvent": "{\"EventID\":4624,\"LogonType\":3,\"TargetUserName\":\"svc-backup\",\"IpAddress\":\"10.0.1.50\",\"LogonProcessName\":\"NtLmSsp\",\"AuthenticationPackageName\":\"NTLM\"}"
  }
]
